Processing Revenue.txt
View: Number
+----------------+
|number          |
+----------------+
|2006:(12,16)    |
|18:(140,142)    |
|2007:(147,151)  |
|26:(176,178)    |
|3:(179,180)     |
|7:(193,194)     |
|2:(239,240)     |
|26:(241,243)    |
|12:(285,287)    |
|7:(312,313)     |
|2005:(355,359)  |
|17:(423,425)    |
|8:(426,427)     |
|55:(440,442)    |
|2006:(489,493)  |
|2:(515,516)     |
|26:(517,519)    |
|12:(573,575)    |
|2:(632,633)     |
|01:(634,636)    |
|2005:(672,676)  |
|2005:(697,701)  |
|0:(728,729)     |
|10:(730,732)    |
|267:(788,791)   |
|11:(905,907)    |
|1:(908,909)     |
|6:(934,935)     |
|5:(957,958)     |
|2005:(1001,1005)|
|9:(1060,1061)   |
|3:(1062,1063)   |
|11:(1076,1078)  |
|3:(1088,1089)   |
|7:(1156,1157)   |
|5:(1167,1168)   |
|4:(1206,1207)   |
|8:(1208,1209)   |
|1:(1238,1239)   |
|0:(1240,1241)   |
|3:(1256,1257)   |
|2005:(1284,1288)|
|5:(1346,1347)   |
|6:(1348,1349)   |
+----------------+
44 rows in set

View: Unit
+-------------------+
|unit               |
+-------------------+
|billion:(181,188)  |
|percent:(195,202)  |
|percent:(288,295)  |
|percent:(314,321)  |
|billion:(428,435)  |
|percent:(443,450)  |
|percent:(576,583)  |
|million:(792,799)  |
|billion:(910,917)  |
|percent:(936,943)  |
|percent:(959,966)  |
|billion:(1064,1071)|
|percent:(1079,1086)|
|percent:(1090,1097)|
|percent:(1158,1165)|
|percent:(1169,1176)|
|billion:(1210,1217)|
|billion:(1242,1249)|
|percent:(1258,1265)|
|billion:(1350,1357)|
+-------------------+
20 rows in set

View: Money
+----------------------+-----------+-------------+-----------------+
|money                 |dollar     |number       |unit             |
+----------------------+-----------+-------------+-----------------+
|$267 million:(787,799)|$:(787,788)|267:(788,791)|million:(792,799)|
+----------------------+-----------+-------------+-----------------+
1 row in set

View: Revenue
+--------------------+
|revenue             |
+--------------------+
|revenues:(163,171)  |
|revenues:(890,898)  |
|revenues:(1137,1145)|
|revenues:(1223,1231)|
+--------------------+
4 rows in set

View: Division
+--------------------+
|division            |
+--------------------+
|Software:(1323,1331)|
+--------------------+
1 row in set

View: RevenueAndDivision
Empty set

View: RevenueAndDivision2
Empty set

